  AABB.cpp
  正在產生程式碼...
  正在略過... (未偵測到相關變更)
  vector_4f.cpp
  vector_3f.cpp
  trans.cpp
  robot.cpp
  prism.cpp
  polyhedra.cpp
  pointolite.cpp
  obstacle.cpp
  obj.cpp
  main.cpp
  light.cpp
  group.cpp
  ground_floor.cpp
  globalVar.cpp
  fog.cpp
  entity.cpp
  directional_light.cpp
  cube.cpp
  billboard.cpp
  base.cpp
  ball.cpp
  Spot_light.cpp
  PolyhedronLoader.cpp
  DataIO.cpp
  Homework5.vcxproj -> D:\資工系\1061_電腦圖學\Code\Homework5\Debug\Homework5.exe
  0 File(s) copied
  0 File(s) copied
  0 File(s) copied
